[debug] [2018-12-12T01:56:51.346Z] ----------------------------------------------------------------------
[debug] [2018-12-12T01:56:51.348Z] Command:       /usr/bin/node /usr/local/bin/firebase deploy
[debug] [2018-12-12T01:56:51.348Z] CLI Version:   6.1.1
[debug] [2018-12-12T01:56:51.348Z] Platform:      linux
[debug] [2018-12-12T01:56:51.348Z] Node Version:  v8.10.0
[debug] [2018-12-12T01:56:51.348Z] Time:          Tue Dec 11 2018 23:56:51 GMT-0200 (-02)
[debug] [2018-12-12T01:56:51.348Z] ----------------------------------------------------------------------
[debug] 
[debug] [2018-12-12T01:56:51.353Z] > command requires scopes: ["email","openid","https://www.googleapis.com/auth/cloudplatformprojects.readonly","https://www.googleapis.com/auth/firebase","https://www.googleapis.com/auth/cloud-platform"]
[debug] [2018-12-12T01:56:51.353Z] > authorizing via signed-in user
[debug] [2018-12-12T01:56:51.353Z] [iam] checking project fancy-pwagram for permissions ["cloudfunctions.functions.create","cloudfunctions.functions.delete","cloudfunctions.functions.get","cloudfunctions.functions.list","cloudfunctions.functions.update","cloudfunctions.operations.get","firebase.projects.get","firebasehosting.sites.update"]
[debug] [2018-12-12T01:56:51.354Z] >>> HTTP REQUEST POST https://cloudresourcemanager.googleapis.com/v1/projects/fancy-pwagram:testIamPermissions  

[debug] [2018-12-12T01:56:52.412Z] <<< HTTP RESPONSE 200
[debug] [2018-12-12T01:56:52.412Z] >>> HTTP REQUEST GET https://firebase.googleapis.com/v1beta1/projects/fancy-pwagram  
 
[debug] [2018-12-12T01:56:53.709Z] <<< HTTP RESPONSE 200
[info] 
[info] === Deploying to 'fancy-pwagram'...
[info] 
[info] i  deploying functions, hosting
[debug] [2018-12-12T01:56:54.783Z] > [functions] package.json contents: {
  "name": "functions",
  "description": "Cloud Functions for Firebase",
  "scripts": {
    "serve": "firebase serve --only functions",
    "shell": "firebase functions:shell",
    "start": "npm run shell",
    "deploy": "firebase deploy --only functions",
    "logs": "firebase functions:log",
    "web-push": "web-push"
  },
  "dependencies": {
    "@google-cloud/storage": "1.7.0",
    "busboy": "^0.2.14",
    "cors": "^2.8.4",
    "firebase-admin": "~6.0.0",
    "firebase-functions": "^2.1.0",
    "uuid-v4": "^0.1.0",
    "web-push": "^3.3.3"
  },
  "private": true
}
[info] i  functions: ensuring necessary APIs are enabled...
[debug] [2018-12-12T01:56:54.784Z] >>> HTTP REQUEST GET https://servicemanagement.googleapis.com/v1/services/cloudfunctions.googleapis.com/projectSettings/fancy-pwagram?view=CONSUMER_VIEW  
 
[debug] [2018-12-12T01:56:54.784Z] >>> HTTP REQUEST GET https://servicemanagement.googleapis.com/v1/services/runtimeconfig.googleapis.com/projectSettings/fancy-pwagram?view=CONSUMER_VIEW  
 
[debug] [2018-12-12T01:56:56.455Z] <<< HTTP RESPONSE 200
[debug] [2018-12-12T01:56:56.621Z] <<< HTTP RESPONSE 200
[info] ✔  functions: all necessary APIs are enabled
[debug] [2018-12-12T01:56:56.623Z] >>> HTTP REQUEST GET https://cloudresourcemanager.googleapis.com/v1/projects/fancy-pwagram  
 
[debug] [2018-12-12T01:56:57.561Z] <<< HTTP RESPONSE 200
[debug] [2018-12-12T01:56:57.562Z] >>> HTTP REQUEST GET https://mobilesdk-pa.googleapis.com/v1/projects/6594218489:getServerAppConfig  
 
[debug] [2018-12-12T01:56:58.089Z] <<< HTTP RESPONSE 200
[debug] [2018-12-12T01:56:58.092Z] >>> HTTP REQUEST POST https://firebasehosting.googleapis.com/v1beta1/sites/fancy-pwagram/versions  

[debug] [2018-12-12T01:56:59.633Z] <<< HTTP RESPONSE 200
[info] i  functions: preparing functions directory for uploading...
[debug] [2018-12-12T01:56:59.638Z] >>> HTTP REQUEST GET https://runtimeconfig.googleapis.com/v1beta1/projects/fancy-pwagram/configs  
 
[debug] [2018-12-12T01:57:00.094Z] <<< HTTP RESPONSE 200
[info] i  functions: packaged functions (4.8 KB) for uploading
[debug] [2018-12-12T01:57:00.578Z] >>> HTTP REQUEST POST https://cloudfunctions.googleapis.com/v1/projects/fancy-pwagram/locations/us-central1/functions:generateUploadUrl  
 
[debug] [2018-12-12T01:57:02.088Z] <<< HTTP RESPONSE 200
[debug] [2018-12-12T01:57:02.089Z] >>> HTTP REQUEST PUT https://storage.googleapis.com/gcf-upload-us-central1-9ee6dea7-5031-4cb4-955d-353dd11e32e8/dbd84026-7624-48fe-b1ff-43aa7b8ab7e1.zip?GoogleAccessId=service-6594218489@gcf-admin-robot.iam.gserviceaccount.com&Expires=1544581621&Signature=XKTsb9lIHhP6epP7klMLQSqaSLSiWWi4fnfkz%2BKOr4liM24iO3F0SywB0nn3sXJg4gWcTuZQTKuB2UB84IJXAGRxsOK9w4HdqacvTH0QPiUhEkfiV04N9pVl9HVqBmxw%2BBVtX3bjeDjSOaE6QHefOk%2BtBGMjyhWPhvo3NNQyyoCZ7SXxnDMupnqdBaCpXFFk5tuLyg2%2FW986ydgyDnzlmL%2Bcml79TTnf%2B%2FpKkYQwx5LWZfw1S8eYE6V2FhsqII9XINp6mwZQP0htiC%2FZd5hCuPaaGlfxd%2BwsNkcCFZwkVnx1XmKC2GpC88dJf8BCfB3jxjP6%2FHRPv1ODEj2b9ukdow%3D%3D  

[debug] [2018-12-12T01:57:02.813Z] <<< HTTP RESPONSE 200
[info] ✔  functions: functions folder uploaded successfully
[info] i  hosting[fancy-pwagram]: beginning deploy...
[info] i  hosting[fancy-pwagram]: found 37 files in public
[debug] [2018-12-12T01:57:02.825Z] [hosting] hash cache [cHVibGlj] load error: lines is not defined
[debug] [2018-12-12T01:57:02.846Z] [hosting] hash cache [cHVibGlj] stored for 37 files
[debug] [2018-12-12T01:57:02.847Z] [hosting][hash queue][FINAL]
[debug] [2018-12-12T01:57:02.847Z] >>> HTTP REQUEST POST https://firebasehosting.googleapis.com/v1beta1/sites/fancy-pwagram/versions/f56aacfc2966faaf:populateFiles  
 <request body omitted>
[debug] [2018-12-12T01:57:07.082Z] <<< HTTP RESPONSE 200
[debug] [2018-12-12T01:57:07.086Z] [hosting][populate queue][FINAL]
[debug] [2018-12-12T01:57:07.086Z] [hosting] uploads queued: 2
[debug] [2018-12-12T01:57:09.028Z] [hosting][upload queue][FINAL]
[info] ✔  hosting[fancy-pwagram]: file upload complete
[debug] [2018-12-12T01:57:09.029Z] [hosting] deploy completed after 6214ms
[debug] [2018-12-12T01:57:09.313Z] >>> HTTP REQUEST GET https://cloudfunctions.googleapis.com/v1/projects/fancy-pwagram/locations/-/functions  
 
[debug] [2018-12-12T01:57:10.002Z] <<< HTTP RESPONSE 200
[info] i  functions: creating Node.js 6 function storePostData(us-central1)...
[debug] [2018-12-12T01:57:10.006Z] Trigger is:  {"httpsTrigger":{}}
[info] 
The following functions are found in your project but do not exist in your local source code:
	storePostsData(us-central1)

If you are renaming a function or changing its region, it is recommended that you create the new function first before deleting the old one to prevent event loss. For more info, visit https://firebase.google.com/docs/functions/manage-functions#modify

